2026-04-24 00:28:42,316	INFO	module:_logger
This is BioCypher v0.8.0.
2026-04-24 00:28:42,316	INFO	module:_logger
Logging into `biocypher-log/biocypher-20260424-002842.log`.
2026-04-24 00:28:42,316	DEBUG	module:_create
Loading module biocypher._create.
2026-04-24 00:28:42,318	DEBUG	module:_deduplicate
Loading module biocypher._deduplicate.
2026-04-24 00:28:42,521	DEBUG	module:_misc
Loading module biocypher._misc.
2026-04-24 00:28:42,521	DEBUG	module:_get
Loading module biocypher._get.
2026-04-24 00:28:42,522	DEBUG	module:_mapping
Loading module biocypher._mapping.
2026-04-24 00:28:42,558	DEBUG	module:_ontology
Loading module biocypher._ontology.
2026-04-24 00:28:42,561	DEBUG	module:_translate
Loading module biocypher._translate.
2026-04-24 00:28:42,862	DEBUG	module:_neo4j_driver
Loading module biocypher.output.connect._neo4j_driver.
2026-04-24 00:28:42,862	DEBUG	module:_get_connector
Loading module biocypher.output.connect._get_connector.
2026-04-24 00:28:42,864	DEBUG	module:_get_in_memory_kg
Loading module biocypher.output.in_memory._get_in_memory_kg.
2026-04-24 00:28:42,867	DEBUG	module:_get_writer
Loading module biocypher.output.write._get_writer.
2026-04-24 00:28:42,867	DEBUG	module:_core
Loading module biocypher._core.
