2026-04-24 13:00:48,165	INFO	module:_logger
This is BioCypher v0.8.0.
2026-04-24 13:00:48,165	INFO	module:_logger
Logging into `biocypher-log/biocypher-20260424-130048.log`.
2026-04-24 13:00:48,165	DEBUG	module:_create
Loading module biocypher._create.
2026-04-24 13:00:48,167	DEBUG	module:_deduplicate
Loading module biocypher._deduplicate.
2026-04-24 13:00:48,426	DEBUG	module:_misc
Loading module biocypher._misc.
2026-04-24 13:00:48,426	DEBUG	module:_get
Loading module biocypher._get.
2026-04-24 13:00:48,427	DEBUG	module:_mapping
Loading module biocypher._mapping.
2026-04-24 13:00:48,468	DEBUG	module:_ontology
Loading module biocypher._ontology.
2026-04-24 13:00:48,472	DEBUG	module:_translate
Loading module biocypher._translate.
2026-04-24 13:00:48,991	DEBUG	module:_neo4j_driver
Loading module biocypher.output.connect._neo4j_driver.
2026-04-24 13:00:48,991	DEBUG	module:_get_connector
Loading module biocypher.output.connect._get_connector.
2026-04-24 13:00:48,992	DEBUG	module:_get_in_memory_kg
Loading module biocypher.output.in_memory._get_in_memory_kg.
2026-04-24 13:00:48,996	DEBUG	module:_get_writer
Loading module biocypher.output.write._get_writer.
2026-04-24 13:00:48,996	DEBUG	module:_core
Loading module biocypher._core.
2026-04-24 13:00:49,000	INFO	module:_core
Running BioCypher with schema configuration from config/schema_config.yaml.
2026-04-24 13:00:56,914	INFO	module:_ontology
Loading ontologies...
2026-04-24 13:00:56,914	INFO	module:_ontology
Instantiating OntologyAdapter class for https://github.com/biolink/biolink-model/raw/v3.6.0/biolink-model.owl.ttl.
2026-04-24 13:00:58,569	INFO	module:_writer
Creating output directory `/home/sthoniyot/projects/cardiometabolic-kg/data/processed/biocypher-out`.
2026-04-24 13:00:58,570	DEBUG	module:_batch_writer
Writing node CSV from generator.
2026-04-24 13:00:58,570	DEBUG	module:_translate
Translating nodes to BioCypher
2026-04-24 13:00:58,825	DEBUG	module:_translate
Finished translating nodes to BioCypher.
2026-04-24 13:00:58,913	INFO	module:_batch_writer
Writing 47718 entries to Snp-part000.csv
2026-04-24 13:00:58,928	INFO	module:_batch_writer
Writing 6323 entries to Gene-part000.csv
2026-04-24 13:00:58,929	INFO	module:_batch_writer
Writing 11 entries to Phenotype-part000.csv
2026-04-24 13:00:58,942	WARNING	module:_writer
Output directory `/home/sthoniyot/projects/cardiometabolic-kg/data/processed/biocypher-out` already exists. If this is not planned, file consistency may be compromised.
2026-04-24 13:00:58,942	DEBUG	module:_batch_writer
Writing node CSV from generator.
2026-04-24 13:00:58,942	DEBUG	module:_translate
Translating nodes to BioCypher
2026-04-24 13:00:58,944	DEBUG	module:_translate
Finished translating nodes to BioCypher.
2026-04-24 13:00:58,945	INFO	module:_batch_writer
Writing 358 entries to Food-part000.csv
2026-04-24 13:00:58,946	INFO	module:_batch_writer
Writing 460 entries to Nutrient-part000.csv
2026-04-24 13:00:58,946	WARNING	module:_writer
Output directory `/home/sthoniyot/projects/cardiometabolic-kg/data/processed/biocypher-out` already exists. If this is not planned, file consistency may be compromised.
2026-04-24 13:00:58,946	DEBUG	module:_batch_writer
Writing node CSV from generator.
2026-04-24 13:00:58,946	DEBUG	module:_translate
Translating nodes to BioCypher
2026-04-24 13:00:58,947	WARNING	module:_deduplicate
Duplicate node type nutrient found. 
2026-04-24 13:00:58,948	WARNING	module:_deduplicate
Duplicate node type gene found. 
2026-04-24 13:00:58,948	DEBUG	module:_translate
Finished translating nodes to BioCypher.
2026-04-24 13:00:58,949	INFO	module:_batch_writer
Writing 192 entries to Microbe-part000.csv
2026-04-24 13:00:58,949	INFO	module:_batch_writer
Writing 126 entries to Nutrient-part001.csv
2026-04-24 13:00:58,949	INFO	module:_batch_writer
Writing 76 entries to Gene-part001.csv
2026-04-24 13:00:58,949	WARNING	module:_neo4j
Header file `/home/sthoniyot/projects/cardiometabolic-kg/data/processed/biocypher-out/Nutrient-header.csv` already exists. Overwriting.
2026-04-24 13:00:58,949	WARNING	module:_neo4j
Header file `/home/sthoniyot/projects/cardiometabolic-kg/data/processed/biocypher-out/Gene-header.csv` already exists. Overwriting.
2026-04-24 13:00:58,950	DEBUG	module:_translate
Translating edges to BioCypher
2026-04-24 13:00:59,202	DEBUG	module:_translate
Finished translating edges to BioCypher.
2026-04-24 13:00:59,219	DEBUG	module:_batch_writer
Writing edge CSV from generator.
2026-04-24 13:00:59,277	INFO	module:_batch_writer
Writing 18209 entries to SnpToGene-part000.csv
2026-04-24 13:00:59,434	INFO	module:_batch_writer
Writing 54223 entries to SnpToPhenotype-part000.csv
2026-04-24 13:00:59,455	DEBUG	module:_translate
Translating edges to BioCypher
2026-04-24 13:00:59,482	DEBUG	module:_translate
Finished translating edges to BioCypher.
2026-04-24 13:00:59,487	DEBUG	module:_batch_writer
Writing edge CSV from generator.
2026-04-24 13:00:59,522	INFO	module:_batch_writer
Writing 13523 entries to FoodToNutrient-part000.csv
2026-04-24 13:00:59,523	WARNING	module:_neo4j
File /home/sthoniyot/projects/cardiometabolic-kg/data/processed/biocypher-out/SnpToGene-header.csv already exists. Overwriting.
2026-04-24 13:00:59,523	WARNING	module:_neo4j
File /home/sthoniyot/projects/cardiometabolic-kg/data/processed/biocypher-out/SnpToPhenotype-header.csv already exists. Overwriting.
2026-04-24 13:00:59,525	DEBUG	module:_translate
Translating edges to BioCypher
2026-04-24 13:00:59,527	DEBUG	module:_translate
Finished translating edges to BioCypher.
2026-04-24 13:00:59,528	DEBUG	module:_batch_writer
Writing edge CSV from generator.
2026-04-24 13:00:59,529	INFO	module:_batch_writer
Writing 451 entries to MicrobeToNutrient-part000.csv
2026-04-24 13:00:59,530	INFO	module:_batch_writer
Writing 213 entries to MicrobeToGene-part000.csv
2026-04-24 13:00:59,530	INFO	module:_batch_writer
Writing 5 entries to MicrobeToPhenotype-part000.csv
2026-04-24 13:00:59,530	WARNING	module:_neo4j
File /home/sthoniyot/projects/cardiometabolic-kg/data/processed/biocypher-out/SnpToGene-header.csv already exists. Overwriting.
2026-04-24 13:00:59,531	WARNING	module:_neo4j
File /home/sthoniyot/projects/cardiometabolic-kg/data/processed/biocypher-out/SnpToPhenotype-header.csv already exists. Overwriting.
2026-04-24 13:00:59,531	WARNING	module:_neo4j
File /home/sthoniyot/projects/cardiometabolic-kg/data/processed/biocypher-out/FoodToNutrient-header.csv already exists. Overwriting.
2026-04-24 13:00:59,531	INFO	module:_batch_writer
Writing neo4j import call to `/home/sthoniyot/projects/cardiometabolic-kg/data/processed/biocypher-out/neo4j-admin-import-call.sh`.
2026-04-24 13:00:59,531	INFO	module:_ontology
Showing ontology structure based on https://github.com/biolink/biolink-model/raw/v3.6.0/biolink-model.owl.ttl
2026-04-24 13:00:59,532	INFO	module:_ontology

entity
├── association
│   ├── food to nutrient
│   ├── gene to pathway
│   ├── microbe to cazyme
│   ├── microbe to gene
│   ├── microbe to nutrient
│   ├── microbe to phenotype
│   ├── nutrient to phenotype
│   ├── phenotype to phenotype
│   ├── snp to gene
│   └── snp to phenotype
└── named thing
    ├── biological entity
    │   ├── biological process or activity
    │   │   └── biological process
    │   │       └── pathway
    │   ├── disease or phenotypic feature
    │   │   └── phenotypic feature
    │   │       └── phenotype
    │   ├── gene
    │   └── sequence variant
    │       └── snp
    ├── cazyme
    ├── chemical entity
    │   ├── chemical mixture
    │   │   └── food
    │   └── molecular entity
    │       └── small molecule
    │           └── nutrient
    └── organism taxon
        └── microbe

2026-04-24 13:00:59,532	INFO	module:_core
Duplicate node types encountered (IDs in log): 
    gene
    nutrient

2026-04-24 13:00:59,532	DEBUG	module:_core
Duplicate node IDs encountered: 
    CHEBI:22868
    HGNC:TNF
    HGNC:CDKN1A
    HGNC:SLC26A3
    HGNC:CCR6
    HGNC:CGN
    HGNC:PLIN2
    HGNC:TGFB1
    HGNC:ACTB
    HGNC:CD2AP
    HGNC:ST6GAL1
    HGNC:CXCL8
    HGNC:ANGPTL4
    HGNC:PGP
    HGNC:PPARG
    HGNC:RELA
    HGNC:LEP
    HGNC:PRKCZ
    HGNC:TAB2
    HGNC:ITCH
    HGNC:HCAR2
    CHEBI:29073
    HGNC:RORA
    HGNC:CLGN
    HGNC:VEGFA
    HGNC:MAPK14
    HGNC:CYP7A1
    HGNC:HNF4A
    HGNC:GLP1R
    HGNC:TLR4

2026-04-24 13:00:59,532	INFO	module:_core
No duplicate edges in input.
2026-04-24 13:00:59,532	INFO	module:_core
No missing labels in input.
